<?xml version="1.0" encoding="UTF-8"?>
<testng-results ignored="0" total="1" passed="1" failed="0" skipped="0">
  <reporter-output>
  </reporter-output>
  <suite started-at="2025-06-14T14:29:16 IST" name="OrangeHRM Suite" finished-at="2025-06-14T14:29:47 IST" duration-ms="31428">
    <groups>
    </groups>
    <test started-at="2025-06-14T14:29:16 IST" name="Smoke Suite" finished-at="2025-06-14T14:29:47 IST" duration-ms="31428">
      <class name="tests.EndToEndTest">
        <test-method is-config="true" signature="setup()[pri:0, instance:tests.EndToEndTest@20deea7f]" started-at="2025-06-14T14:29:16 IST" name="setup" finished-at="2025-06-14T14:29:30 IST" duration-ms="14176" status="PASS">
          <reporter-output>
          </reporter-output>
        </test-method> <!-- setup -->
        <test-method signature="orangeHRMEndToEndFlow()[pri:0, instance:tests.EndToEndTest@20deea7f]" started-at="2025-06-14T14:29:30 IST" name="orangeHRMEndToEndFlow" finished-at="2025-06-14T14:29:47 IST" duration-ms="16708" status="PASS">
          <reporter-output>
          </reporter-output>
        </test-method> <!-- orangeHRMEndToEndFlow -->
        <test-method is-config="true" signature="tearDown()[pri:0, instance:tests.EndToEndTest@20deea7f]" started-at="2025-06-14T14:29:47 IST" name="tearDown" finished-at="2025-06-14T14:29:47 IST" duration-ms="470" status="PASS">
          <reporter-output>
          </reporter-output>
        </test-method> <!-- tearDown -->
      </class> <!-- tests.EndToEndTest -->
    </test> <!-- Smoke Suite -->
  </suite> <!-- OrangeHRM Suite -->
</testng-results>
